{
  "stats": {
    "suites": 4,
    "tests": 12,
    "passes": 12,
    "pending": 0,
    "failures": 0,
    "testsRegistered": 12,
    "passPercent": 100,
    "pendingPercent": 0,
    "other": 0,
    "hasOther": false,
    "skipped": 0,
    "hasSkipped": false,
    "start": "2025-07-01T13:42:06.955Z",
    "end": "2025-07-01T13:42:38.757Z",
    "duration": 31802
  },
  "results": [
    {
      "uuid": "f6e28bf9-c818-4158-97e6-2739156198dc",
      "title": "",
      "fullFile": "cypress/e2e/Login.cy.js",
      "file": "cypress/e2e/Login.cy.js",
      "beforeHooks": [],
      "afterHooks": [],
      "tests": [],
      "suites": [
        {
          "uuid": "c8769f1b-9984-470c-8cb0-3582256493ca",
          "title": "Login Test",
          "fullFile": "",
          "file": "",
          "beforeHooks": [],
          "afterHooks": [],
          "tests": [
            {
              "title": "should log in successfully with valid credentials",
              "fullTitle": "Login Test should log in successfully with valid credentials",
              "timedOut": null,
              "duration": 1374,
              "state": "passed",
              "speed": "fast",
              "pass": true,
              "fail": false,
              "pending": false,
              "context": null,
              "code": "_LoginPage.default.enterUsername(users.standard);\n_LoginPage.default.enterPassword(password);\n_LoginPage.default.clickLogin();\n_ProductPage.default.validateProductPage();\n_MenuPage.default.loggingOut();",
              "err": {},
              "uuid": "e9bde2aa-0c43-4ba8-95da-becaaad36e9b",
              "parentUUID": "c8769f1b-9984-470c-8cb0-3582256493ca",
              "isHook": false,
              "skipped": false
            },
            {
              "title": "should show error validation for invalid user",
              "fullTitle": "Login Test should show error validation for invalid user",
              "timedOut": null,
              "duration": 797,
              "state": "passed",
              "speed": "fast",
              "pass": true,
              "fail": false,
              "pending": false,
              "context": null,
              "code": "_LoginPage.default.enterUsername(users.locked);\n_LoginPage.default.enterPassword(password);\n_LoginPage.default.clickLogin();\n_LoginPage.default.validateErrorLoginMessage();",
              "err": {},
              "uuid": "b4eb902c-739c-4b04-868a-1eb57a088960",
              "parentUUID": "c8769f1b-9984-470c-8cb0-3582256493ca",
              "isHook": false,
              "skipped": false
            },
            {
              "title": "should log in with problem user",
              "fullTitle": "Login Test should log in with problem user",
              "timedOut": null,
              "duration": 1196,
              "state": "passed",
              "speed": "fast",
              "pass": true,
              "fail": false,
              "pending": false,
              "context": null,
              "code": "_LoginPage.default.enterUsername(users.problem);\n_LoginPage.default.enterPassword(password);\n_LoginPage.default.clickLogin();\n_ProductPage.default.validateProductPage();\n_MenuPage.default.loggingOut();",
              "err": {},
              "uuid": "bc1ce7fe-0b22-4533-a578-9a6537a0db4f",
              "parentUUID": "c8769f1b-9984-470c-8cb0-3582256493ca",
              "isHook": false,
              "skipped": false
            },
            {
              "title": "should log in with performance glitch user",
              "fullTitle": "Login Test should log in with performance glitch user",
              "timedOut": null,
              "duration": 6330,
              "state": "passed",
              "speed": "medium",
              "pass": true,
              "fail": false,
              "pending": false,
              "context": null,
              "code": "_LoginPage.default.enterUsername(users.glitch);\n_LoginPage.default.enterPassword(password);\n_LoginPage.default.clickLogin();\ncy.url({\n  timeout: 10000\n}).should(\"include\", \"/inventory.html\");\n_MenuPage.default.loggingOut();",
              "err": {},
              "uuid": "3c387540-7ce0-454e-9bce-03b944cd6182",
              "parentUUID": "c8769f1b-9984-470c-8cb0-3582256493ca",
              "isHook": false,
              "skipped": false
            },
            {
              "title": "should show error for invalid password",
              "fullTitle": "Login Test should show error for invalid password",
              "timedOut": null,
              "duration": 718,
              "state": "passed",
              "speed": "fast",
              "pass": true,
              "fail": false,
              "pending": false,
              "context": null,
              "code": "_LoginPage.default.enterUsername(users.standard);\n_LoginPage.default.enterPassword(\"wrong_password\");\n_LoginPage.default.clickLogin();\n_LoginPage.default.validateErrorLoginMessage();",
              "err": {},
              "uuid": "9d94f52f-b16d-4467-aeb9-0e21b2fd2e52",
              "parentUUID": "c8769f1b-9984-470c-8cb0-3582256493ca",
              "isHook": false,
              "skipped": false
            },
            {
              "title": "should show error for empty username",
              "fullTitle": "Login Test should show error for empty username",
              "timedOut": null,
              "duration": 406,
              "state": "passed",
              "speed": "fast",
              "pass": true,
              "fail": false,
              "pending": false,
              "context": null,
              "code": "_LoginPage.default.enterPassword(password);\n_LoginPage.default.clickLogin();\n_LoginPage.default.validateErrorLoginMessage();",
              "err": {},
              "uuid": "7014719e-c248-43d8-ad81-3a2d6d57b507",
              "parentUUID": "c8769f1b-9984-470c-8cb0-3582256493ca",
              "isHook": false,
              "skipped": false
            },
            {
              "title": "should show error for empty password",
              "fullTitle": "Login Test should show error for empty password",
              "timedOut": null,
              "duration": 423,
              "state": "passed",
              "speed": "fast",
              "pass": true,
              "fail": false,
              "pending": false,
              "context": null,
              "code": "_LoginPage.default.enterUsername(users.standard);\n_LoginPage.default.clickLogin();\n_LoginPage.default.validateErrorLoginMessage();",
              "err": {},
              "uuid": "67afe411-82b9-4f7a-b216-1bc2bbe713ad",
              "parentUUID": "c8769f1b-9984-470c-8cb0-3582256493ca",
              "isHook": false,
              "skipped": false
            },
            {
              "title": "should show error for empty username and password",
              "fullTitle": "Login Test should show error for empty username and password",
              "timedOut": null,
              "duration": 123,
              "state": "passed",
              "speed": "fast",
              "pass": true,
              "fail": false,
              "pending": false,
              "context": null,
              "code": "_LoginPage.default.clickLogin();\n_LoginPage.default.validateErrorLoginMessage();",
              "err": {},
              "uuid": "11e86ff2-8525-4131-85cc-bacfc225116e",
              "parentUUID": "c8769f1b-9984-470c-8cb0-3582256493ca",
              "isHook": false,
              "skipped": false
            }
          ],
          "suites": [],
          "passes": [
            "e9bde2aa-0c43-4ba8-95da-becaaad36e9b",
            "b4eb902c-739c-4b04-868a-1eb57a088960",
            "bc1ce7fe-0b22-4533-a578-9a6537a0db4f",
            "3c387540-7ce0-454e-9bce-03b944cd6182",
            "9d94f52f-b16d-4467-aeb9-0e21b2fd2e52",
            "7014719e-c248-43d8-ad81-3a2d6d57b507",
            "67afe411-82b9-4f7a-b216-1bc2bbe713ad",
            "11e86ff2-8525-4131-85cc-bacfc225116e"
          ],
          "failures": [],
          "pending": [],
          "skipped": [],
          "duration": 11367,
          "root": false,
          "rootEmpty": false,
          "_timeout": 2000
        }
      ],
      "passes": [],
      "failures": [],
      "pending": [],
      "skipped": [],
      "duration": 0,
      "root": true,
      "rootEmpty": true,
      "_timeout": 2000
    },
    {
      "uuid": "ca223b9e-6e2e-4c8f-b70c-c1c477f9901f",
      "title": "",
      "fullFile": "cypress/e2e/Logout.cy.js",
      "file": "cypress/e2e/Logout.cy.js",
      "beforeHooks": [],
      "afterHooks": [],
      "tests": [],
      "suites": [
        {
          "uuid": "7c12e8e6-d810-4015-a5d7-43d9995a727b",
          "title": "Log out",
          "fullFile": "",
          "file": "",
          "beforeHooks": [],
          "afterHooks": [],
          "tests": [
            {
              "title": "should log out successfully",
              "fullTitle": "Log out should log out successfully",
              "timedOut": null,
              "duration": 1451,
              "state": "passed",
              "speed": "fast",
              "pass": true,
              "fail": false,
              "pending": false,
              "context": null,
              "code": "_MenuPage.default.loggingOut();",
              "err": {},
              "uuid": "0a717ea4-dfba-4051-a785-36ed4d2f8b14",
              "parentUUID": "7c12e8e6-d810-4015-a5d7-43d9995a727b",
              "isHook": false,
              "skipped": false
            }
          ],
          "suites": [],
          "passes": [
            "0a717ea4-dfba-4051-a785-36ed4d2f8b14"
          ],
          "failures": [],
          "pending": [],
          "skipped": [],
          "duration": 1451,
          "root": false,
          "rootEmpty": false,
          "_timeout": 2000
        }
      ],
      "passes": [],
      "failures": [],
      "pending": [],
      "skipped": [],
      "duration": 0,
      "root": true,
      "rootEmpty": true,
      "_timeout": 2000
    },
    {
      "uuid": "51ad0dda-a3f8-4d2b-af3d-cc148545fc38",
      "title": "",
      "fullFile": "cypress/e2e/Product.cy.js",
      "file": "cypress/e2e/Product.cy.js",
      "beforeHooks": [],
      "afterHooks": [],
      "tests": [],
      "suites": [
        {
          "uuid": "88c55f9b-8fbc-44a3-a2cf-9484bfb3784f",
          "title": "Add to cart",
          "fullFile": "",
          "file": "",
          "beforeHooks": [],
          "afterHooks": [],
          "tests": [
            {
              "title": "should add an item to the cart",
              "fullTitle": "Add to cart should add an item to the cart",
              "timedOut": null,
              "duration": 2998,
              "state": "passed",
              "speed": "fast",
              "pass": true,
              "fail": false,
              "pending": false,
              "context": null,
              "code": "cy.wait(2000);\n_ProductPage.default.clickAddToCartBackpack();",
              "err": {},
              "uuid": "18f7f6c2-54be-40c7-8206-ed10866a7d45",
              "parentUUID": "88c55f9b-8fbc-44a3-a2cf-9484bfb3784f",
              "isHook": false,
              "skipped": false
            },
            {
              "title": "should display 6 products on the product inventory page",
              "fullTitle": "Add to cart should display 6 products on the product inventory page",
              "timedOut": null,
              "duration": 783,
              "state": "passed",
              "speed": "fast",
              "pass": true,
              "fail": false,
              "pending": false,
              "context": null,
              "code": "_ProductPage.default.validateAmountInventory();",
              "err": {},
              "uuid": "6adfb995-acae-426b-9720-e14430c8afa7",
              "parentUUID": "88c55f9b-8fbc-44a3-a2cf-9484bfb3784f",
              "isHook": false,
              "skipped": false
            }
          ],
          "suites": [],
          "passes": [
            "18f7f6c2-54be-40c7-8206-ed10866a7d45",
            "6adfb995-acae-426b-9720-e14430c8afa7"
          ],
          "failures": [],
          "pending": [],
          "skipped": [],
          "duration": 3781,
          "root": false,
          "rootEmpty": false,
          "_timeout": 2000
        }
      ],
      "passes": [],
      "failures": [],
      "pending": [],
      "skipped": [],
      "duration": 0,
      "root": true,
      "rootEmpty": true,
      "_timeout": 2000
    },
    {
      "uuid": "be209392-912a-45ad-9512-c7d9febb5623",
      "title": "",
      "fullFile": "cypress/e2e/Checkout.cy.js",
      "file": "cypress/e2e/Checkout.cy.js",
      "beforeHooks": [],
      "afterHooks": [],
      "tests": [],
      "suites": [
        {
          "uuid": "0d5ef9f4-8cf1-40ef-8b73-d9302f238d2d",
          "title": "Checkout",
          "fullFile": "",
          "file": "",
          "beforeHooks": [],
          "afterHooks": [],
          "tests": [
            {
              "title": "should navigate to success order page",
              "fullTitle": "Checkout should navigate to success order page",
              "timedOut": null,
              "duration": 4395,
              "state": "passed",
              "speed": "fast",
              "pass": true,
              "fail": false,
              "pending": false,
              "context": null,
              "code": "cy.wait(2000);\n_CheckoutPage.default.navigateToShoppingCart();\n_CheckoutPage.default.navigateToCheckoutPage();\n_CheckoutPage.default.enterFirstName(\"Rurouni\");\n_CheckoutPage.default.enterLastName(\"Kenshin\");\n_CheckoutPage.default.enterPostcode(\"9000\");\n_CheckoutPage.default.navigateToCheckoutOverview();\n_CheckoutPage.default.finishTheCheckout();\n_CheckoutPage.default.validateSuccessConfirmation();",
              "err": {},
              "uuid": "729099e2-accc-4f17-bab2-6714c27f35c6",
              "parentUUID": "0d5ef9f4-8cf1-40ef-8b73-d9302f238d2d",
              "isHook": false,
              "skipped": false
            }
          ],
          "suites": [],
          "passes": [
            "729099e2-accc-4f17-bab2-6714c27f35c6"
          ],
          "failures": [],
          "pending": [],
          "skipped": [],
          "duration": 4395,
          "root": false,
          "rootEmpty": false,
          "_timeout": 2000
        }
      ],
      "passes": [],
      "failures": [],
      "pending": [],
      "skipped": [],
      "duration": 0,
      "root": true,
      "rootEmpty": true,
      "_timeout": 2000
    }
  ],
  "meta": {
    "mocha": {
      "version": "7.0.1"
    },
    "mochawesome": {
      "options": {
        "quiet": false,
        "reportFilename": "mochawesome",
        "saveHtml": false,
        "saveJson": true,
        "consoleReporter": "spec",
        "useInlineDiffs": false,
        "code": true
      },
      "version": "7.1.3"
    },
    "marge": {
      "options": {
        "reportDir": "cypress/reports/html",
        "overwrite": false,
        "html": false,
        "json": true
      },
      "version": "6.2.0"
    }
  }
}