{
  "stats": {
    "suites": 1,
    "tests": 1,
    "passes": 1,
    "pending": 0,
    "failures": 0,
    "start": "2025-07-01T13:42:06.955Z",
    "end": "2025-07-01T13:42:12.516Z",
    "duration": 5561,
    "testsRegistered": 1,
    "passPercent": 100,
    "pendingPercent": 0,
    "other": 0,
    "hasOther": false,
    "skipped": 0,
    "hasSkipped": false
  },
  "results": [
    {
      "uuid": "be209392-912a-45ad-9512-c7d9febb5623",
      "title": "",
      "fullFile": "cypress/e2e/Checkout.cy.js",
      "file": "cypress/e2e/Checkout.cy.js",
      "beforeHooks": [],
      "afterHooks": [],
      "tests": [],
      "suites": [
        {
          "uuid": "0d5ef9f4-8cf1-40ef-8b73-d9302f238d2d",
          "title": "Checkout",
          "fullFile": "",
          "file": "",
          "beforeHooks": [],
          "afterHooks": [],
          "tests": [
            {
              "title": "should navigate to success order page",
              "fullTitle": "Checkout should navigate to success order page",
              "timedOut": null,
              "duration": 4395,
              "state": "passed",
              "speed": "fast",
              "pass": true,
              "fail": false,
              "pending": false,
              "context": null,
              "code": "cy.wait(2000);\n_CheckoutPage.default.navigateToShoppingCart();\n_CheckoutPage.default.navigateToCheckoutPage();\n_CheckoutPage.default.enterFirstName(\"Rurouni\");\n_CheckoutPage.default.enterLastName(\"Kenshin\");\n_CheckoutPage.default.enterPostcode(\"9000\");\n_CheckoutPage.default.navigateToCheckoutOverview();\n_CheckoutPage.default.finishTheCheckout();\n_CheckoutPage.default.validateSuccessConfirmation();",
              "err": {},
              "uuid": "729099e2-accc-4f17-bab2-6714c27f35c6",
              "parentUUID": "0d5ef9f4-8cf1-40ef-8b73-d9302f238d2d",
              "isHook": false,
              "skipped": false
            }
          ],
          "suites": [],
          "passes": [
            "729099e2-accc-4f17-bab2-6714c27f35c6"
          ],
          "failures": [],
          "pending": [],
          "skipped": [],
          "duration": 4395,
          "root": false,
          "rootEmpty": false,
          "_timeout": 2000
        }
      ],
      "passes": [],
      "failures": [],
      "pending": [],
      "skipped": [],
      "duration": 0,
      "root": true,
      "rootEmpty": true,
      "_timeout": 2000
    }
  ],
  "meta": {
    "mocha": {
      "version": "7.0.1"
    },
    "mochawesome": {
      "options": {
        "quiet": false,
        "reportFilename": "mochawesome",
        "saveHtml": false,
        "saveJson": true,
        "consoleReporter": "spec",
        "useInlineDiffs": false,
        "code": true
      },
      "version": "7.1.3"
    },
    "marge": {
      "options": {
        "reportDir": "cypress/reports/html",
        "overwrite": false,
        "html": false,
        "json": true
      },
      "version": "6.2.0"
    }
  }
}