{
  "stats": {
    "suites": 1,
    "tests": 2,
    "passes": 2,
    "pending": 0,
    "failures": 0,
    "start": "2025-07-01T13:42:34.073Z",
    "end": "2025-07-01T13:42:38.757Z",
    "duration": 4684,
    "testsRegistered": 2,
    "passPercent": 100,
    "pendingPercent": 0,
    "other": 0,
    "hasOther": false,
    "skipped": 0,
    "hasSkipped": false
  },
  "results": [
    {
      "uuid": "51ad0dda-a3f8-4d2b-af3d-cc148545fc38",
      "title": "",
      "fullFile": "cypress/e2e/Product.cy.js",
      "file": "cypress/e2e/Product.cy.js",
      "beforeHooks": [],
      "afterHooks": [],
      "tests": [],
      "suites": [
        {
          "uuid": "88c55f9b-8fbc-44a3-a2cf-9484bfb3784f",
          "title": "Add to cart",
          "fullFile": "",
          "file": "",
          "beforeHooks": [],
          "afterHooks": [],
          "tests": [
            {
              "title": "should add an item to the cart",
              "fullTitle": "Add to cart should add an item to the cart",
              "timedOut": null,
              "duration": 2998,
              "state": "passed",
              "speed": "fast",
              "pass": true,
              "fail": false,
              "pending": false,
              "context": null,
              "code": "cy.wait(2000);\n_ProductPage.default.clickAddToCartBackpack();",
              "err": {},
              "uuid": "18f7f6c2-54be-40c7-8206-ed10866a7d45",
              "parentUUID": "88c55f9b-8fbc-44a3-a2cf-9484bfb3784f",
              "isHook": false,
              "skipped": false
            },
            {
              "title": "should display 6 products on the product inventory page",
              "fullTitle": "Add to cart should display 6 products on the product inventory page",
              "timedOut": null,
              "duration": 783,
              "state": "passed",
              "speed": "fast",
              "pass": true,
              "fail": false,
              "pending": false,
              "context": null,
              "code": "_ProductPage.default.validateAmountInventory();",
              "err": {},
              "uuid": "6adfb995-acae-426b-9720-e14430c8afa7",
              "parentUUID": "88c55f9b-8fbc-44a3-a2cf-9484bfb3784f",
              "isHook": false,
              "skipped": false
            }
          ],
          "suites": [],
          "passes": [
            "18f7f6c2-54be-40c7-8206-ed10866a7d45",
            "6adfb995-acae-426b-9720-e14430c8afa7"
          ],
          "failures": [],
          "pending": [],
          "skipped": [],
          "duration": 3781,
          "root": false,
          "rootEmpty": false,
          "_timeout": 2000
        }
      ],
      "passes": [],
      "failures": [],
      "pending": [],
      "skipped": [],
      "duration": 0,
      "root": true,
      "rootEmpty": true,
      "_timeout": 2000
    }
  ],
  "meta": {
    "mocha": {
      "version": "7.0.1"
    },
    "mochawesome": {
      "options": {
        "quiet": false,
        "reportFilename": "mochawesome",
        "saveHtml": false,
        "saveJson": true,
        "consoleReporter": "spec",
        "useInlineDiffs": false,
        "code": true
      },
      "version": "7.1.3"
    },
    "marge": {
      "options": {
        "reportDir": "cypress/reports/html",
        "overwrite": false,
        "html": false,
        "json": true
      },
      "version": "6.2.0"
    }
  }
}