{
  "stats": {
    "suites": 1,
    "tests": 1,
    "passes": 1,
    "pending": 0,
    "failures": 0,
    "start": "2025-07-01T13:42:29.383Z",
    "end": "2025-07-01T13:42:31.716Z",
    "duration": 2333,
    "testsRegistered": 1,
    "passPercent": 100,
    "pendingPercent": 0,
    "other": 0,
    "hasOther": false,
    "skipped": 0,
    "hasSkipped": false
  },
  "results": [
    {
      "uuid": "ca223b9e-6e2e-4c8f-b70c-c1c477f9901f",
      "title": "",
      "fullFile": "cypress/e2e/Logout.cy.js",
      "file": "cypress/e2e/Logout.cy.js",
      "beforeHooks": [],
      "afterHooks": [],
      "tests": [],
      "suites": [
        {
          "uuid": "7c12e8e6-d810-4015-a5d7-43d9995a727b",
          "title": "Log out",
          "fullFile": "",
          "file": "",
          "beforeHooks": [],
          "afterHooks": [],
          "tests": [
            {
              "title": "should log out successfully",
              "fullTitle": "Log out should log out successfully",
              "timedOut": null,
              "duration": 1451,
              "state": "passed",
              "speed": "fast",
              "pass": true,
              "fail": false,
              "pending": false,
              "context": null,
              "code": "_MenuPage.default.loggingOut();",
              "err": {},
              "uuid": "0a717ea4-dfba-4051-a785-36ed4d2f8b14",
              "parentUUID": "7c12e8e6-d810-4015-a5d7-43d9995a727b",
              "isHook": false,
              "skipped": false
            }
          ],
          "suites": [],
          "passes": [
            "0a717ea4-dfba-4051-a785-36ed4d2f8b14"
          ],
          "failures": [],
          "pending": [],
          "skipped": [],
          "duration": 1451,
          "root": false,
          "rootEmpty": false,
          "_timeout": 2000
        }
      ],
      "passes": [],
      "failures": [],
      "pending": [],
      "skipped": [],
      "duration": 0,
      "root": true,
      "rootEmpty": true,
      "_timeout": 2000
    }
  ],
  "meta": {
    "mocha": {
      "version": "7.0.1"
    },
    "mochawesome": {
      "options": {
        "quiet": false,
        "reportFilename": "mochawesome",
        "saveHtml": false,
        "saveJson": true,
        "consoleReporter": "spec",
        "useInlineDiffs": false,
        "code": true
      },
      "version": "7.1.3"
    },
    "marge": {
      "options": {
        "reportDir": "cypress/reports/html",
        "overwrite": false,
        "html": false,
        "json": true
      },
      "version": "6.2.0"
    }
  }
}