{
  "stats": {
    "suites": 1,
    "tests": 8,
    "passes": 8,
    "pending": 0,
    "failures": 0,
    "start": "2025-07-01T13:42:14.836Z",
    "end": "2025-07-01T13:42:27.227Z",
    "duration": 12391,
    "testsRegistered": 8,
    "passPercent": 100,
    "pendingPercent": 0,
    "other": 0,
    "hasOther": false,
    "skipped": 0,
    "hasSkipped": false
  },
  "results": [
    {
      "uuid": "f6e28bf9-c818-4158-97e6-2739156198dc",
      "title": "",
      "fullFile": "cypress/e2e/Login.cy.js",
      "file": "cypress/e2e/Login.cy.js",
      "beforeHooks": [],
      "afterHooks": [],
      "tests": [],
      "suites": [
        {
          "uuid": "c8769f1b-9984-470c-8cb0-3582256493ca",
          "title": "Login Test",
          "fullFile": "",
          "file": "",
          "beforeHooks": [],
          "afterHooks": [],
          "tests": [
            {
              "title": "should log in successfully with valid credentials",
              "fullTitle": "Login Test should log in successfully with valid credentials",
              "timedOut": null,
              "duration": 1374,
              "state": "passed",
              "speed": "fast",
              "pass": true,
              "fail": false,
              "pending": false,
              "context": null,
              "code": "_LoginPage.default.enterUsername(users.standard);\n_LoginPage.default.enterPassword(password);\n_LoginPage.default.clickLogin();\n_ProductPage.default.validateProductPage();\n_MenuPage.default.loggingOut();",
              "err": {},
              "uuid": "e9bde2aa-0c43-4ba8-95da-becaaad36e9b",
              "parentUUID": "c8769f1b-9984-470c-8cb0-3582256493ca",
              "isHook": false,
              "skipped": false
            },
            {
              "title": "should show error validation for invalid user",
              "fullTitle": "Login Test should show error validation for invalid user",
              "timedOut": null,
              "duration": 797,
              "state": "passed",
              "speed": "fast",
              "pass": true,
              "fail": false,
              "pending": false,
              "context": null,
              "code": "_LoginPage.default.enterUsername(users.locked);\n_LoginPage.default.enterPassword(password);\n_LoginPage.default.clickLogin();\n_LoginPage.default.validateErrorLoginMessage();",
              "err": {},
              "uuid": "b4eb902c-739c-4b04-868a-1eb57a088960",
              "parentUUID": "c8769f1b-9984-470c-8cb0-3582256493ca",
              "isHook": false,
              "skipped": false
            },
            {
              "title": "should log in with problem user",
              "fullTitle": "Login Test should log in with problem user",
              "timedOut": null,
              "duration": 1196,
              "state": "passed",
              "speed": "fast",
              "pass": true,
              "fail": false,
              "pending": false,
              "context": null,
              "code": "_LoginPage.default.enterUsername(users.problem);\n_LoginPage.default.enterPassword(password);\n_LoginPage.default.clickLogin();\n_ProductPage.default.validateProductPage();\n_MenuPage.default.loggingOut();",
              "err": {},
              "uuid": "bc1ce7fe-0b22-4533-a578-9a6537a0db4f",
              "parentUUID": "c8769f1b-9984-470c-8cb0-3582256493ca",
              "isHook": false,
              "skipped": false
            },
            {
              "title": "should log in with performance glitch user",
              "fullTitle": "Login Test should log in with performance glitch user",
              "timedOut": null,
              "duration": 6330,
              "state": "passed",
              "speed": "medium",
              "pass": true,
              "fail": false,
              "pending": false,
              "context": null,
              "code": "_LoginPage.default.enterUsername(users.glitch);\n_LoginPage.default.enterPassword(password);\n_LoginPage.default.clickLogin();\ncy.url({\n  timeout: 10000\n}).should(\"include\", \"/inventory.html\");\n_MenuPage.default.loggingOut();",
              "err": {},
              "uuid": "3c387540-7ce0-454e-9bce-03b944cd6182",
              "parentUUID": "c8769f1b-9984-470c-8cb0-3582256493ca",
              "isHook": false,
              "skipped": false
            },
            {
              "title": "should show error for invalid password",
              "fullTitle": "Login Test should show error for invalid password",
              "timedOut": null,
              "duration": 718,
              "state": "passed",
              "speed": "fast",
              "pass": true,
              "fail": false,
              "pending": false,
              "context": null,
              "code": "_LoginPage.default.enterUsername(users.standard);\n_LoginPage.default.enterPassword(\"wrong_password\");\n_LoginPage.default.clickLogin();\n_LoginPage.default.validateErrorLoginMessage();",
              "err": {},
              "uuid": "9d94f52f-b16d-4467-aeb9-0e21b2fd2e52",
              "parentUUID": "c8769f1b-9984-470c-8cb0-3582256493ca",
              "isHook": false,
              "skipped": false
            },
            {
              "title": "should show error for empty username",
              "fullTitle": "Login Test should show error for empty username",
              "timedOut": null,
              "duration": 406,
              "state": "passed",
              "speed": "fast",
              "pass": true,
              "fail": false,
              "pending": false,
              "context": null,
              "code": "_LoginPage.default.enterPassword(password);\n_LoginPage.default.clickLogin();\n_LoginPage.default.validateErrorLoginMessage();",
              "err": {},
              "uuid": "7014719e-c248-43d8-ad81-3a2d6d57b507",
              "parentUUID": "c8769f1b-9984-470c-8cb0-3582256493ca",
              "isHook": false,
              "skipped": false
            },
            {
              "title": "should show error for empty password",
              "fullTitle": "Login Test should show error for empty password",
              "timedOut": null,
              "duration": 423,
              "state": "passed",
              "speed": "fast",
              "pass": true,
              "fail": false,
              "pending": false,
              "context": null,
              "code": "_LoginPage.default.enterUsername(users.standard);\n_LoginPage.default.clickLogin();\n_LoginPage.default.validateErrorLoginMessage();",
              "err": {},
              "uuid": "67afe411-82b9-4f7a-b216-1bc2bbe713ad",
              "parentUUID": "c8769f1b-9984-470c-8cb0-3582256493ca",
              "isHook": false,
              "skipped": false
            },
            {
              "title": "should show error for empty username and password",
              "fullTitle": "Login Test should show error for empty username and password",
              "timedOut": null,
              "duration": 123,
              "state": "passed",
              "speed": "fast",
              "pass": true,
              "fail": false,
              "pending": false,
              "context": null,
              "code": "_LoginPage.default.clickLogin();\n_LoginPage.default.validateErrorLoginMessage();",
              "err": {},
              "uuid": "11e86ff2-8525-4131-85cc-bacfc225116e",
              "parentUUID": "c8769f1b-9984-470c-8cb0-3582256493ca",
              "isHook": false,
              "skipped": false
            }
          ],
          "suites": [],
          "passes": [
            "e9bde2aa-0c43-4ba8-95da-becaaad36e9b",
            "b4eb902c-739c-4b04-868a-1eb57a088960",
            "bc1ce7fe-0b22-4533-a578-9a6537a0db4f",
            "3c387540-7ce0-454e-9bce-03b944cd6182",
            "9d94f52f-b16d-4467-aeb9-0e21b2fd2e52",
            "7014719e-c248-43d8-ad81-3a2d6d57b507",
            "67afe411-82b9-4f7a-b216-1bc2bbe713ad",
            "11e86ff2-8525-4131-85cc-bacfc225116e"
          ],
          "failures": [],
          "pending": [],
          "skipped": [],
          "duration": 11367,
          "root": false,
          "rootEmpty": false,
          "_timeout": 2000
        }
      ],
      "passes": [],
      "failures": [],
      "pending": [],
      "skipped": [],
      "duration": 0,
      "root": true,
      "rootEmpty": true,
      "_timeout": 2000
    }
  ],
  "meta": {
    "mocha": {
      "version": "7.0.1"
    },
    "mochawesome": {
      "options": {
        "quiet": false,
        "reportFilename": "mochawesome",
        "saveHtml": false,
        "saveJson": true,
        "consoleReporter": "spec",
        "useInlineDiffs": false,
        "code": true
      },
      "version": "7.1.3"
    },
    "marge": {
      "options": {
        "reportDir": "cypress/reports/html",
        "overwrite": false,
        "html": false,
        "json": true
      },
      "version": "6.2.0"
    }
  }
}